<?xml version="1.0" encoding="UTF-8"?>
<testsuite name="com.khj.mychatback.MychatBackApplicationTests" tests="1" skipped="0" failures="0" errors="0" timestamp="2026-08-26T11:24:44.096Z" hostname="WIN-UCJS5JJH54R" time="10.473">
  <properties/>
  <testcase name="contextLoads()" classname="com.khj.mychatback.MychatBackApplicationTests" time="0.4"/>
  <system-out><![CDATA[20:24:44.343 [Test worker] INFO org.springframework.test.context.support.AnnotationConfigContextLoaderUtils -- Could not detect default configuration classes for test class [com.khj.mychatback.MychatBackApplicationTests]: MychatBackApplicationTests does not declare any static, non-private, non-final, nested classes annotated with @Configuration.
20:24:44.474 [Test worker] INFO org.springframework.boot.test.context.SpringBootTestContextBootstrapper -- Found @SpringBootConfiguration com.khj.mychatback.MychatBackApplication for test class com.khj.mychatback.MychatBackApplicationTests
20:24:44.569 [Test worker] INFO org.springframework.test.context.support.AnnotationConfigContextLoaderUtils -- Could not detect default configuration classes for test class [com.khj.mychatback.MychatBackApplicationTests]: MychatBackApplicationTests does not declare any static, non-private, non-final, nested classes annotated with @Configuration.
20:24:44.571 [Test worker] INFO org.springframework.boot.test.context.SpringBootTestContextBootstrapper -- Found @SpringBootConfiguration com.khj.mychatback.MychatBackApplication for test class com.khj.mychatback.MychatBackApplicationTests

  .   ____          _            __ _ _
 /\\ / ___'_ __ _ _(_)_ __  __ _ \ \ \ \
( ( )\___ | '_ | '_| | '_ \/ _` | \ \ \ \
 \\/  ___)| |_)| | | | | || (_| |  ) ) ) )
  '  |____| .__|_| |_|_| |_\__, | / / / /
 =========|_|==============|___/=/_/_/_/

 :: Spring Boot ::                (v4.1.1)

2026-08-26T20:24:45.022+09:00  INFO 34536 --- [mychat-back] [    Test worker] c.k.m.MychatBackApplicationTests         : Starting MychatBackApplicationTests using Java 21.0.11 with PID 34536 (started by hengz in C:\dev\myWeb\mychat-back)
2026-08-26T20:24:45.023+09:00 DEBUG 34536 --- [mychat-back] [    Test worker] c.k.m.MychatBackApplicationTests         : Running with Spring Boot v4.1.1, Spring v7.0.9
2026-08-26T20:24:45.024+09:00  INFO 34536 --- [mychat-back] [    Test worker] c.k.m.MychatBackApplicationTests         : The following 1 profile is active: "test"
2026-08-26T20:24:46.332+09:00  INFO 34536 --- [mychat-back] [    Test worker] .s.d.r.c.RepositoryConfigurationDelegate : Multiple Spring Data modules found, entering strict repository configuration mode
2026-08-26T20:24:46.335+09:00  INFO 34536 --- [mychat-back] [    Test worker] .s.d.r.c.RepositoryConfigurationDelegate : Bootstrapping Spring Data JPA repositories in DEFAULT mode.
2026-08-26T20:24:46.545+09:00  INFO 34536 --- [mychat-back] [    Test worker] .s.d.r.c.RepositoryConfigurationDelegate : Finished Spring Data repository scanning in 195 ms. Found 4 JPA repository interfaces.
2026-08-26T20:24:46.623+09:00  INFO 34536 --- [mychat-back] [    Test worker] .s.d.r.c.RepositoryConfigurationDelegate : Multiple Spring Data modules found, entering strict repository configuration mode
2026-08-26T20:24:46.625+09:00  INFO 34536 --- [mychat-back] [    Test worker] .s.d.r.c.RepositoryConfigurationDelegate : Bootstrapping Spring Data Redis repositories in DEFAULT mode.
2026-08-26T20:24:46.664+09:00  INFO 34536 --- [mychat-back] [    Test worker] .RepositoryConfigurationExtensionSupport : Spring Data Redis - Could not safely identify store assignment for repository candidate interface com.khj.mychatback.repo.jpa.ChatMessageRepository; If you want this repository to be a Redis repository, consider annotating your entities with one of these annotations: org.springframework.data.redis.core.RedisHash (preferred), or consider extending one of the following types with your repository: org.springframework.data.keyvalue.repository.KeyValueRepository
2026-08-26T20:24:46.665+09:00  INFO 34536 --- [mychat-back] [    Test worker] .RepositoryConfigurationExtensionSupport : Spring Data Redis - Could not safely identify store assignment for repository candidate interface com.khj.mychatback.repo.jpa.ChatRoomMemberRepository; If you want this repository to be a Redis repository, consider annotating your entities with one of these annotations: org.springframework.data.redis.core.RedisHash (preferred), or consider extending one of the following types with your repository: org.springframework.data.keyvalue.repository.KeyValueRepository
2026-08-26T20:24:46.666+09:00  INFO 34536 --- [mychat-back] [    Test worker] .RepositoryConfigurationExtensionSupport : Spring Data Redis - Could not safely identify store assignment for repository candidate interface com.khj.mychatback.repo.jpa.ChatRoomRepository; If you want this repository to be a Redis repository, consider annotating your entities with one of these annotations: org.springframework.data.redis.core.RedisHash (preferred), or consider extending one of the following types with your repository: org.springframework.data.keyvalue.repository.KeyValueRepository
2026-08-26T20:24:46.667+09:00  INFO 34536 --- [mychat-back] [    Test worker] .RepositoryConfigurationExtensionSupport : Spring Data Redis - Could not safely identify store assignment for repository candidate interface com.khj.mychatback.repo.jpa.UserRepository; If you want this repository to be a Redis repository, consider annotating your entities with one of these annotations: org.springframework.data.redis.core.RedisHash (preferred), or consider extending one of the following types with your repository: org.springframework.data.keyvalue.repository.KeyValueRepository
2026-08-26T20:24:46.667+09:00  INFO 34536 --- [mychat-back] [    Test worker] .s.d.r.c.RepositoryConfigurationDelegate : Finished Spring Data repository scanning in 22 ms. Found 0 Redis repository interfaces.
2026-08-26T20:24:47.786+09:00  INFO 34536 --- [mychat-back] [    Test worker] org.hibernate.orm.jpa                    : HHH008540: Processing PersistenceUnitInfo [name: default]
2026-08-26T20:24:47.922+09:00  INFO 34536 --- [mychat-back] [    Test worker] org.hibernate.orm.core                   : HHH000001: Hibernate ORM core version 7.4.5.Final
2026-08-26T20:24:48.506+09:00  INFO 34536 --- [mychat-back] [    Test worker] o.s.o.j.p.SpringPersistenceUnitInfo      : No LoadTimeWeaver setup: ignoring JPA class transformer
2026-08-26T20:24:48.545+09:00  INFO 34536 --- [mychat-back] [    Test worker] com.zaxxer.hikari.HikariDataSource       : HikariPool-1 - Starting...
2026-08-26T20:24:48.765+09:00  INFO 34536 --- [mychat-back] [    Test worker] com.zaxxer.hikari.pool.HikariPool        : HikariPool-1 - Added connection conn0: url=jdbc:h2:mem:testdb user=SA
2026-08-26T20:24:48.770+09:00  INFO 34536 --- [mychat-back] [    Test worker] com.zaxxer.hikari.HikariDataSource       : HikariPool-1 - Start completed.
2026-08-26T20:24:48.835+09:00  INFO 34536 --- [mychat-back] [    Test worker] org.hibernate.orm.connections.pooling    : HHH10001005: Database info:
	Database JDBC URL [jdbc:h2:mem:testdb]
	Database driver: H2 JDBC Driver
	Database dialect: H2Dialect
	Database version: 2.4.240
	Default catalog/schema: TESTDB/PUBLIC
	Autocommit mode: undefined/unknown
	Isolation level: READ_COMMITTED [default READ_COMMITTED]
	JDBC fetch size: 100
	Pool: DataSourceConnectionProvider
	Minimum pool size: undefined/unknown
	Maximum pool size: undefined/unknown
2026-08-26T20:24:50.054+09:00  INFO 34536 --- [mychat-back] [    Test worker] org.hibernate.orm.core                   : HHH000489: No JTA platform available (set 'hibernate.transaction.jta.platform' to enable JTA platform integration)
Hibernate: drop table if exists chat_messages cascade 
Hibernate: drop table if exists chat_room_members cascade 
Hibernate: drop table if exists chat_rooms cascade 
Hibernate: drop table if exists users cascade 
Hibernate: create table chat_messages (chat_room_id bigint not null, created_at timestamp(6), id bigint generated by default as identity, sender_member_id bigint not null, updated_at timestamp(6), content varchar(1000) not null, primary key (id))
Hibernate: create table chat_room_members (chat_room_id bigint not null, created_at timestamp(6), id bigint generated by default as identity, left_at timestamp(6), updated_at timestamp(6), user_id bigint, nickname varchar(30) not null, anonymous_id varchar(50), primary key (id))
Hibernate: create table chat_rooms (center_latitude float(53), center_longitude float(53), radius_meters integer, created_at timestamp(6), id bigint generated by default as identity, last_activity_at timestamp(6), updated_at timestamp(6), dm_key varchar(50), title varchar(50), type enum ('DIRECT','LOCATION','PUBLIC') not null, primary key (id), constraint uk_chat_rooms_dm_key unique (dm_key))
Hibernate: create table users (created_at timestamp(6), id bigint generated by default as identity, updated_at timestamp(6), phone_number varchar(20) not null, nickname varchar(30) not null, username varchar(50) not null, email varchar(255), password varchar(255) not null, role enum ('ADMIN','USER') not null, primary key (id), constraint uk_users_username unique (username), constraint uk_users_nickname unique (nickname), constraint uk_users_phone_number unique (phone_number))
Hibernate: alter table if exists chat_messages add constraint FKbcsxusjp1v4rd8879fhvq8ssb foreign key (chat_room_id) references chat_rooms
Hibernate: alter table if exists chat_messages add constraint FKf9nr645y4lu43fcvvmniem7sv foreign key (sender_member_id) references chat_room_members
Hibernate: alter table if exists chat_room_members add constraint FK6x7kwk21yt5odfxv5ubbrmo0h foreign key (chat_room_id) references chat_rooms
Hibernate: alter table if exists chat_room_members add constraint FKbemsjj4g0iny4xpkvj5rwj6ab foreign key (user_id) references users
2026-08-26T20:24:50.135+09:00  INFO 34536 --- [mychat-back] [    Test worker] j.LocalContainerEntityManagerFactoryBean : Initialized JPA EntityManagerFactory for persistence unit 'default'
2026-08-26T20:24:50.256+09:00  INFO 34536 --- [mychat-back] [    Test worker] o.s.d.j.r.query.QueryEnhancerFactories   : Hibernate is in classpath; If applicable, HQL parser will be used.
2026-08-26T20:24:52.534+09:00  WARN 34536 --- [mychat-back] [    Test worker] JpaBaseConfiguration$JpaWebConfiguration : spring.jpa.open-in-view is enabled by default. Therefore, database queries may be performed during view rendering. Explicitly configure spring.jpa.open-in-view to disable this warning
2026-08-26T20:24:52.599+09:00  WARN 34536 --- [mychat-back] [    Test worker] .s.a.UserDetailsServiceAutoConfiguration : 

Using generated security password: 5cf64fbb-7d5f-4cce-80cc-ed50ccca30c8

This generated password is for development use only. Your security configuration must be updated before running your application in production.

2026-08-26T20:24:52.608+09:00  INFO 34536 --- [mychat-back] [    Test worker] r$InitializeUserDetailsManagerConfigurer : Global AuthenticationManager configured with UserDetailsService bean with name inMemoryUserDetailsManager
2026-08-26T20:24:53.997+09:00  INFO 34536 --- [mychat-back] [    Test worker] o.s.b.a.e.web.EndpointLinksResolver      : Exposing 2 endpoints beneath base path '/actuator'
2026-08-26T20:24:54.056+09:00  INFO 34536 --- [mychat-back] [    Test worker] o.s.m.s.b.SimpleBrokerMessageHandler     : Starting...
2026-08-26T20:24:54.056+09:00  INFO 34536 --- [mychat-back] [    Test worker] o.s.m.s.b.SimpleBrokerMessageHandler     : BrokerAvailabilityEvent[available=true, SimpleBrokerMessageHandler [org.springframework.messaging.simp.broker.DefaultSubscriptionRegistry@5f9f5487]]
2026-08-26T20:24:54.058+09:00  INFO 34536 --- [mychat-back] [    Test worker] o.s.m.s.b.SimpleBrokerMessageHandler     : Started.
2026-08-26T20:24:54.069+09:00  INFO 34536 --- [mychat-back] [    Test worker] c.k.m.MychatBackApplicationTests         : Started MychatBackApplicationTests in 9.421 seconds (process running for 11.345)
2026-08-26T20:24:54.154+09:00  WARN 34536 --- [mychat-back] [    Test worker] o.s.core.events.SpringDocAppInitializer  : SpringDoc /v3/api-docs endpoint is enabled by default. To disable it in production, set the property 'springdoc.api-docs.enabled=false'
2026-08-26T20:24:54.155+09:00  WARN 34536 --- [mychat-back] [    Test worker] o.s.core.events.SpringDocAppInitializer  : SpringDoc /swagger-ui.html endpoint is enabled by default. To disable it in production, set the property 'springdoc.swagger-ui.enabled=false'
]]></system-out>
  <system-err><![CDATA[Mockito is currently self-attaching to enable the inline-mock-maker. This will no longer work in future releases of the JDK. Please add Mockito as an agent to your build as described in Mockito's documentation: https://javadoc.io/doc/org.mockito/mockito-core/latest/org.mockito/org/mockito/Mockito.html#0.3
WARNING: A Java agent has been loaded dynamically (C:\Users\hengz\.gradle\caches\modules-2\files-2.1\net.bytebuddy\byte-buddy-agent\1.18.11\82212e5b3633e7a65fca8bec525762cfb6c9bae4\byte-buddy-agent-1.18.11.jar)
WARNING: If a serviceability tool is in use, please run with -XX:+EnableDynamicAgentLoading to hide this warning
WARNING: If a serviceability tool is not in use, please run with -Djdk.instrument.traceUsage for more information
WARNING: Dynamic loading of agents will be disallowed by default in a future release
]]></system-err>
</testsuite>
