<?xml version="1.0" encoding="UTF-8"?>
<testsuite name="com.khj.mychatback.MychatBackApplicationTests" tests="1" skipped="0" failures="0" errors="0" timestamp="2026-08-23T04:03:07.060Z" hostname="WIN-UCJS5JJH54R" time="7.606">
  <properties/>
  <testcase name="contextLoads()" classname="com.khj.mychatback.MychatBackApplicationTests" time="0.494"/>
  <system-out><![CDATA[13:03:07.300 [Test worker] INFO org.springframework.test.context.support.AnnotationConfigContextLoaderUtils -- Could not detect default configuration classes for test class [com.khj.mychatback.MychatBackApplicationTests]: MychatBackApplicationTests does not declare any static, non-private, non-final, nested classes annotated with @Configuration.
13:03:07.431 [Test worker] INFO org.springframework.boot.test.context.SpringBootTestContextBootstrapper -- Found @SpringBootConfiguration com.khj.mychatback.MychatBackApplication for test class com.khj.mychatback.MychatBackApplicationTests
13:03:07.531 [Test worker] INFO org.springframework.test.context.support.AnnotationConfigContextLoaderUtils -- Could not detect default configuration classes for test class [com.khj.mychatback.MychatBackApplicationTests]: MychatBackApplicationTests does not declare any static, non-private, non-final, nested classes annotated with @Configuration.
13:03:07.533 [Test worker] INFO org.springframework.boot.test.context.SpringBootTestContextBootstrapper -- Found @SpringBootConfiguration com.khj.mychatback.MychatBackApplication for test class com.khj.mychatback.MychatBackApplicationTests

  .   ____          _            __ _ _
 /\\ / ___'_ __ _ _(_)_ __  __ _ \ \ \ \
( ( )\___ | '_ | '_| | '_ \/ _` | \ \ \ \
 \\/  ___)| |_)| | | | | || (_| |  ) ) ) )
  '  |____| .__|_| |_|_| |_\__, | / / / /
 =========|_|==============|___/=/_/_/_/

 :: Spring Boot ::                (v4.1.1)

2026-08-23T13:03:08.033+09:00  INFO 17604 --- [mychat-back] [    Test worker] c.k.m.MychatBackApplicationTests         : Starting MychatBackApplicationTests using Java 21.0.11 with PID 17604 (started by hengz in C:\dev\myWeb\mychat-back)
2026-08-23T13:03:08.034+09:00 DEBUG 17604 --- [mychat-back] [    Test worker] c.k.m.MychatBackApplicationTests         : Running with Spring Boot v4.1.1, Spring v7.0.9
2026-08-23T13:03:08.035+09:00  INFO 17604 --- [mychat-back] [    Test worker] c.k.m.MychatBackApplicationTests         : The following 1 profile is active: "test"
2026-08-23T13:03:09.391+09:00  INFO 17604 --- [mychat-back] [    Test worker] .s.d.r.c.RepositoryConfigurationDelegate : Bootstrapping Spring Data JPA repositories in DEFAULT mode.
2026-08-23T13:03:09.442+09:00  INFO 17604 --- [mychat-back] [    Test worker] .s.d.r.c.RepositoryConfigurationDelegate : Finished Spring Data repository scanning in 26 ms. Found 0 JPA repository interfaces.
2026-08-23T13:03:10.546+09:00  INFO 17604 --- [mychat-back] [    Test worker] org.hibernate.orm.jpa                    : HHH008540: Processing PersistenceUnitInfo [name: default]
2026-08-23T13:03:10.685+09:00  INFO 17604 --- [mychat-back] [    Test worker] org.hibernate.orm.core                   : HHH000001: Hibernate ORM core version 7.4.5.Final
2026-08-23T13:03:11.249+09:00  INFO 17604 --- [mychat-back] [    Test worker] o.s.o.j.p.SpringPersistenceUnitInfo      : No LoadTimeWeaver setup: ignoring JPA class transformer
2026-08-23T13:03:11.294+09:00  INFO 17604 --- [mychat-back] [    Test worker] com.zaxxer.hikari.HikariDataSource       : HikariPool-1 - Starting...
2026-08-23T13:03:11.509+09:00  INFO 17604 --- [mychat-back] [    Test worker] com.zaxxer.hikari.pool.HikariPool        : HikariPool-1 - Added connection conn0: url=jdbc:h2:mem:testdb user=SA
2026-08-23T13:03:11.511+09:00  INFO 17604 --- [mychat-back] [    Test worker] com.zaxxer.hikari.HikariDataSource       : HikariPool-1 - Start completed.
2026-08-23T13:03:11.573+09:00  INFO 17604 --- [mychat-back] [    Test worker] org.hibernate.orm.connections.pooling    : HHH10001005: Database info:
	Database JDBC URL [jdbc:h2:mem:testdb]
	Database driver: H2 JDBC Driver
	Database dialect: H2Dialect
	Database version: 2.4.240
	Default catalog/schema: TESTDB/PUBLIC
	Autocommit mode: undefined/unknown
	Isolation level: READ_COMMITTED [default READ_COMMITTED]
	JDBC fetch size: 100
	Pool: DataSourceConnectionProvider
	Minimum pool size: undefined/unknown
	Maximum pool size: undefined/unknown
2026-08-23T13:03:11.997+09:00  INFO 17604 --- [mychat-back] [    Test worker] org.hibernate.orm.core                   : HHH000489: No JTA platform available (set 'hibernate.transaction.jta.platform' to enable JTA platform integration)
2026-08-23T13:03:12.028+09:00  INFO 17604 --- [mychat-back] [    Test worker] j.LocalContainerEntityManagerFactoryBean : Initialized JPA EntityManagerFactory for persistence unit 'default'
2026-08-23T13:03:12.572+09:00  WARN 17604 --- [mychat-back] [    Test worker] JpaBaseConfiguration$JpaWebConfiguration : spring.jpa.open-in-view is enabled by default. Therefore, database queries may be performed during view rendering. Explicitly configure spring.jpa.open-in-view to disable this warning
2026-08-23T13:03:12.732+09:00  WARN 17604 --- [mychat-back] [    Test worker] .s.a.UserDetailsServiceAutoConfiguration : 

Using generated security password: d1f91427-424f-4b62-ab74-adeec7e59349

This generated password is for development use only. Your security configuration must be updated before running your application in production.

2026-08-23T13:03:12.741+09:00  INFO 17604 --- [mychat-back] [    Test worker] r$InitializeUserDetailsManagerConfigurer : Global AuthenticationManager configured with UserDetailsService bean with name inMemoryUserDetailsManager
2026-08-23T13:03:13.946+09:00  INFO 17604 --- [mychat-back] [    Test worker] o.s.b.a.e.web.EndpointLinksResolver      : Exposing 2 endpoints beneath base path '/actuator'
2026-08-23T13:03:14.036+09:00  INFO 17604 --- [mychat-back] [    Test worker] c.k.m.MychatBackApplicationTests         : Started MychatBackApplicationTests in 6.429 seconds (process running for 8.643)
2026-08-23T13:03:14.160+09:00  WARN 17604 --- [mychat-back] [    Test worker] o.s.core.events.SpringDocAppInitializer  : SpringDoc /v3/api-docs endpoint is enabled by default. To disable it in production, set the property 'springdoc.api-docs.enabled=false'
2026-08-23T13:03:14.160+09:00  WARN 17604 --- [mychat-back] [    Test worker] o.s.core.events.SpringDocAppInitializer  : SpringDoc /swagger-ui.html endpoint is enabled by default. To disable it in production, set the property 'springdoc.swagger-ui.enabled=false'
]]></system-out>
  <system-err><![CDATA[Mockito is currently self-attaching to enable the inline-mock-maker. This will no longer work in future releases of the JDK. Please add Mockito as an agent to your build as described in Mockito's documentation: https://javadoc.io/doc/org.mockito/mockito-core/latest/org.mockito/org/mockito/Mockito.html#0.3
WARNING: A Java agent has been loaded dynamically (C:\Users\hengz\.gradle\caches\modules-2\files-2.1\net.bytebuddy\byte-buddy-agent\1.18.11\82212e5b3633e7a65fca8bec525762cfb6c9bae4\byte-buddy-agent-1.18.11.jar)
WARNING: If a serviceability tool is in use, please run with -XX:+EnableDynamicAgentLoading to hide this warning
WARNING: If a serviceability tool is not in use, please run with -Djdk.instrument.traceUsage for more information
WARNING: Dynamic loading of agents will be disallowed by default in a future release
]]></system-err>
</testsuite>
